# hmmsearch :: search profile(s) against a sequence database
# HMMER 3.0 (March 2010); http://hmmer.org/
# Copyright (C) 2010 Howard Hughes Medical Institute.
# Freely distributed under the GNU General Public License (GPLv3).
# - - - - - - - - - - - - - - - - - - - - - - - - - - - - - - - - - - - -
# query HMM file:                  ./training_data/fungi_Terpene_synth_C.hmm
# target sequence database:        ./train/sequence/NsBERS.fasta
# - - - - - - - - - - - - - - - - - - - - - - - - - - - - - - - - - - - -

Query:       C20  [M=239]
Scores for complete sequences (score includes all domains):
   --- full sequence ---   --- best 1 domain ---    -#dom-
    E-value  score  bias    E-value  score  bias    exp  N  Sequence Description
    ------- ------ -----    ------- ------ -----   ---- --  -------- -----------
    2.3e-14   39.0   0.0    4.1e-14   38.2   0.0    1.3  1  NsBERS   


Domain annotation for each sequence (and alignments):
>> NsBERS  
   #    score  bias  c-Evalue  i-Evalue hmmfrom  hmm to    alifrom  ali to    envfrom  env to     acc
 ---   ------ ----- --------- --------- ------- -------    ------- -------    ------- -------    ----
   1 !   38.2   0.0   4.1e-14   4.1e-14      29     222 ..     170     360 ..     154     374 .. 0.79

  Alignments for each domain:
  == domain 1    score: 38.2 bits;  conditional E-value: 4.1e-14
     C20  29 laslyyPdakkdrlrtacdllnvlFllDdlldegseeetealadevldalrdpllp.......rperekavgevlrqlwerlratasplaqrRfieeleeyfk 124
              +  ++P a+  r ++++ l+ + F++Dd ++e    e+ +l+   +d l++   p       + + ++ ++e +  +we+       + +  +ie+l + f+
  NsBERS 170 ATNYMFPFADARRVKIIAVLMIMYFIFDDKVEET--PEGAQLNHFRNDFLNHFQDPgvlstepTSDFHRHTRETMTAIWEEDGISGNGGRE--MIEALRDAFR 268
             56788**************************987..4455556666666666665555677667778899999999999986555555555..89*******9 PP

     C20 125 svvqQaddRaedsirdlesYlelRrddvGvkpsialleyaadmeLpdev.lehpsikelekecadlvvlvNDilSYnkEqer...gdlhnivlllmneekls 222
              v        + +  ++e+Yl++Rr +vG+   ia ++++    ++ +v ++ p + +   +  d++ ++ND  S++kE ++   g++ +++ +    +kl 
  NsBERS 269 CVHP------NGDFTSVEDYLQFRRLNVGARFVIAAAKFT----IKSSVdVKDPRLSRYLGLIGDHLGIINDMASFDKESRAleqGETQDMINVASVIQKLL 360
             9964......66779***********************99....7777734679*************************76422266777777766555554 PP



Internal pipeline statistics summary:
-------------------------------------
Query model(s):                            1  (239 nodes)
Target sequences:                          1  (435 residues)
Passed MSV filter:                         1  (1); expected 0.0 (0.02)
Passed bias filter:                        1  (1); expected 0.0 (0.02)
Passed Vit filter:                         1  (1); expected 0.0 (0.001)
Passed Fwd filter:                         1  (1); expected 0.0 (1e-05)
Initial search space (Z):                  1  [actual number of targets]
Domain search space  (domZ):               1  [number of targets reported over threshold]
# CPU time: 0.00u 0.00s 00:00:00.00 Elapsed: 00:00:00.00
# Mc/sec: 20.79
//
